#
# There is insufficient memory for the Java Runtime Environment to continue.
# Native memory allocation (mmap) failed to map 125829120 bytes. Error detail: G1 virtual space
# Possible reasons:
#   The system is out of physical RAM or swap space
#   This process is running with CompressedOops enabled, and the Java Heap may be blocking the growth of the native heap
# Possible solutions:
#   Reduce memory load on the system
#   Increase physical memory or swap space
#   Check if swap backing store is full
#   Decrease Java heap size (-Xmx/-Xms)
#   Decrease number of Java threads
#   Decrease Java thread stack sizes (-Xss)
#   Set larger code cache with -XX:ReservedCodeCacheSize=
#   JVM is running with Unscaled Compressed Oops mode in which the Java heap is
#     placed in the first 4GB address space. The Java Heap base address is the
#     maximum limit for the native heap growth. Please use -XX:HeapBaseMinAddress
#     to set the Java Heap base and to place the Java Heap above 4GB virtual address.
# This output file may be truncated or incomplete.
#
#  Out of Memory Error (os_windows.cpp:3703), pid=26220, tid=36760
#
# JRE version:  (23.0.1+11) (build )
# Java VM: Java HotSpot(TM) 64-Bit Server VM (23.0.1+11-39, mixed mode, emulated-client, sharing, tiered, compressed oops, compressed class ptrs, g1 gc, windows-amd64)
# No core dump will be written. Minidumps are not enabled by default on client versions of Windows
#

---------------  S U M M A R Y ------------

Command Line: -Dcom.sun.management.jmxremote -Dcom.sun.management.jmxremote.port=49273 -Dcom.sun.management.jmxremote.authenticate=false -Dcom.sun.management.jmxremote.ssl=false -Djava.rmi.server.hostname=localhost -Dspring.jmx.enabled=true -Dmanagement.endpoints.jmx.exposure.include=* -Dspring.application.admin.enabled=true -XX:TieredStopAtLevel=1 -Dspring.boot.project.name=Case-Test -Dfile.encoding=UTF-8 -XX:+ShowCodeDetailsInExceptionMessages com.CaseTest.CaseTestApplication --spring.output.ansi.enabled=always

Host: AMD Ryzen 7 4800H with Radeon Graphics         , 16 cores, 7G,  Windows 11 , 64 bit Build 26100 (10.0.26100.2454)
Time: Sat Jan 18 20:09:34 2025 India Standard Time elapsed time: 1.100952 seconds (0d 0h 0m 1s)

---------------  T H R E A D  ---------------

Current thread (0x00000189c5edc2a0):  JavaThread "Unknown thread" [_thread_in_vm, id=36760, stack(0x0000004c0a000000,0x0000004c0a100000) (1024K)]

Stack: [0x0000004c0a000000,0x0000004c0a100000]
Native frames: (J=compiled Java code, j=interpreted, Vv=VM code, C=native code)
V  [jvm.dll+0x6e08b9]  (no source info available)
V  [jvm.dll+0x87dc83]  (no source info available)
V  [jvm.dll+0x88010e]  (no source info available)
V  [jvm.dll+0x8807e3]  (no source info available)
V  [jvm.dll+0x27aee6]  (no source info available)
V  [jvm.dll+0x6dd1c5]  (no source info available)
V  [jvm.dll+0x6d104a]  (no source info available)
V  [jvm.dll+0x35b3ea]  (no source info available)
V  [jvm.dll+0x3637f6]  (no source info available)
V  [jvm.dll+0x34fd5e]  (no source info available)
V  [jvm.dll+0x34fff8]  (no source info available)
V  [jvm.dll+0x3289cc]  (no source info available)
V  [jvm.dll+0x32966e]  (no source info available)
V  [jvm.dll+0x844355]  (no source info available)
V  [jvm.dll+0x3b9848]  (no source info available)
V  [jvm.dll+0x82d14c]  (no source info available)
V  [jvm.dll+0x454d4e]  (no source info available)
V  [jvm.dll+0x456bd1]  (no source info available)
C  [jli.dll+0x52a3]  (no source info available)
C  [ucrtbase.dll+0x14ea0]  (no source info available)
C  [KERNEL32.DLL+0x2e8d7]  (no source info available)
C  [ntdll.dll+0xdfbcc]  (no source info available)

Lock stack of current Java thread (top to bottom):


---------------  P R O C E S S  ---------------

Threads class SMR info:
_java_thread_list=0x00007ffd23f93618, length=0, elements={
}

Java Threads: ( => current thread )
Total: 0

Other Threads:
  0x00000189c83fb710 WorkerThread "GC Thread#0"                     [id=34760, stack(0x0000004c0a100000,0x0000004c0a200000) (1024K)]
  0x00000189c840ef50 ConcurrentGCThread "G1 Main Marker"            [id=12908, stack(0x0000004c0a200000,0x0000004c0a300000) (1024K)]
  0x00000189c8411440 WorkerThread "G1 Conc#0"                       [id=29828, stack(0x0000004c0a300000,0x0000004c0a400000) (1024K)]

[error occurred during error reporting (printing all threads), id 0xc0000005, EXCEPTION_ACCESS_VIOLATION (0xc0000005) at pc=0x00007ffd236dbfba]
VM state: not at safepoint (not fully initialized)

VM Mutex/Monitor currently owned by a thread:  ([mutex/lock_event])
[0x00007ffd24013a10] Heap_lock - owner thread: 0x00000189c5edc2a0

Heap address: 0x0000000089400000, size: 1900 MB, Compressed Oops mode: 32-bit

CDS archive(s) mapped at: [0x0000000000000000-0x0000000000000000-0x0000000000000000), size 0, SharedBaseAddress: 0x0000000800000000, ArchiveRelocationMode: 1.
Narrow klass base: 0x0000000000000000, Narrow klass shift: 0, Narrow klass range: 0x0

GC Precious Log:
 CardTable entry size: 512
 Card Set container configuration: InlinePtr #cards 5 size 8 Array Of Cards #cards 10 size 36 Howl #buckets 4 coarsen threshold 1843 Howl Bitmap #cards 512 size 80 coarsen threshold 460 Card regions per heap region 1 cards per card region 2048

Heap:
 garbage-first heap   total reserved 1945600K, committed 0K, used 0K [0x0000000089400000, 0x0000000100000000)
  region size 1024K, 0 young (0K), 0 survivors (0K)

[error occurred during error reporting (printing heap information), id 0xc0000005, EXCEPTION_ACCESS_VIOLATION (0xc0000005) at pc=0x00007ffd23adc3c9]
GC Heap History (0 events):
No events

Dll operation events (1 events):
Event: 0.022 Loaded shared library C:\Program Files\Java\jdk-23\bin\java.dll

Deoptimization events (0 events):
No events

Classes loaded (0 events):
No events

Classes unloaded (0 events):
No events

Classes redefined (0 events):
No events

Internal exceptions (0 events):
No events

VM Operations (0 events):
No events

Memory protections (0 events):
No events

Nmethod flushes (0 events):
No events

Events (0 events):
No events


Dynamic libraries:
0x00007ff6e4100000 - 0x00007ff6e4110000 	C:\Program Files\Java\jdk-23\bin\javaw.exe
0x00007ffdd3560000 - 0x00007ffdd37c3000 	C:\WINDOWS\SYSTEM32\ntdll.dll
0x00007ffdd2250000 - 0x00007ffdd2318000 	C:\WINDOWS\System32\KERNEL32.DLL
0x00007ffdd0b60000 - 0x00007ffdd0f12000 	C:\WINDOWS\System32\KERNELBASE.dll
0x00007ffdd11d0000 - 0x00007ffdd131b000 	C:\WINDOWS\System32\ucrtbase.dll
0x00007ffdb8110000 - 0x00007ffdb812b000 	C:\Program Files\Java\jdk-23\bin\VCRUNTIME140.dll
0x00007ffdb80f0000 - 0x00007ffdb8107000 	C:\Program Files\Java\jdk-23\bin\jli.dll
0x00007ffdd2c10000 - 0x00007ffdd2dd8000 	C:\WINDOWS\System32\USER32.dll
0x00007ffdbaa50000 - 0x00007ffdbace0000 	C:\WINDOWS\WinSxS\amd64_microsoft.windows.common-controls_6595b64144ccf1df_6.0.26100.2454_none_3e0b68a2e331ad60\COMCTL32.dll
0x00007ffdd0fe0000 - 0x00007ffdd1007000 	C:\WINDOWS\System32\win32u.dll
0x00007ffdd14a0000 - 0x00007ffdd14ca000 	C:\WINDOWS\System32\GDI32.dll
0x00007ffdd14d0000 - 0x00007ffdd1579000 	C:\WINDOWS\System32\msvcrt.dll
0x00007ffdd1010000 - 0x00007ffdd113b000 	C:\WINDOWS\System32\gdi32full.dll
0x00007ffdd0ab0000 - 0x00007ffdd0b53000 	C:\WINDOWS\System32\msvcp_win.dll
0x00007ffdd2bd0000 - 0x00007ffdd2bff000 	C:\WINDOWS\System32\IMM32.DLL
0x00007ffdbad30000 - 0x00007ffdbad3c000 	C:\Program Files\Java\jdk-23\bin\vcruntime140_1.dll
0x00007ffdaf350000 - 0x00007ffdaf3de000 	C:\Program Files\Java\jdk-23\bin\msvcp140.dll
0x00007ffd233a0000 - 0x00007ffd240ef000 	C:\Program Files\Java\jdk-23\bin\server\jvm.dll
0x00007ffdd3450000 - 0x00007ffdd3504000 	C:\WINDOWS\System32\ADVAPI32.dll
0x00007ffdd1850000 - 0x00007ffdd18f6000 	C:\WINDOWS\System32\sechost.dll
0x00007ffdd2480000 - 0x00007ffdd2596000 	C:\WINDOWS\System32\RPCRT4.dll
0x00007ffdd13c0000 - 0x00007ffdd1434000 	C:\WINDOWS\System32\WS2_32.dll
0x00007ffdd0600000 - 0x00007ffdd064e000 	C:\WINDOWS\SYSTEM32\POWRPROF.dll
0x00007ffdc4cf0000 - 0x00007ffdc4d26000 	C:\WINDOWS\SYSTEM32\WINMM.dll
0x00007ffdc96c0000 - 0x00007ffdc96cb000 	C:\WINDOWS\SYSTEM32\VERSION.dll
0x00007ffdd05e0000 - 0x00007ffdd05f4000 	C:\WINDOWS\SYSTEM32\UMPDC.dll
0x00007ffdcf770000 - 0x00007ffdcf78a000 	C:\WINDOWS\SYSTEM32\kernel.appcore.dll
0x00007ffdb5ee0000 - 0x00007ffdb5eea000 	C:\Program Files\Java\jdk-23\bin\jimage.dll
0x00007ffdc6a30000 - 0x00007ffdc6c71000 	C:\WINDOWS\SYSTEM32\DBGHELP.DLL
0x00007ffdd2740000 - 0x00007ffdd2abe000 	C:\WINDOWS\System32\combase.dll
0x00007ffdd2170000 - 0x00007ffdd2246000 	C:\WINDOWS\System32\OLEAUT32.dll
0x00007ffdb7320000 - 0x00007ffdb7359000 	C:\WINDOWS\SYSTEM32\dbgcore.DLL
0x00007ffdd1320000 - 0x00007ffdd13b9000 	C:\WINDOWS\System32\bcryptPrimitives.dll
0x00007ffdb5ec0000 - 0x00007ffdb5ede000 	C:\Program Files\Java\jdk-23\bin\java.dll
0x00007ffdd25a0000 - 0x00007ffdd2739000 	C:\WINDOWS\System32\ole32.dll
0x00007ffdd1a60000 - 0x00007ffdd2161000 	C:\WINDOWS\System32\SHELL32.dll

dbghelp: loaded successfully - version: 4.0.5 - missing functions: none
symbol engine: initialized successfully - sym options: 0x614 - pdb path: .;C:\Program Files\Java\jdk-23\bin;C:\WINDOWS\SYSTEM32;C:\WINDOWS\WinSxS\amd64_microsoft.windows.common-controls_6595b64144ccf1df_6.0.26100.2454_none_3e0b68a2e331ad60;C:\Program Files\Java\jdk-23\bin\server

VM Arguments:
jvm_args: -Dcom.sun.management.jmxremote -Dcom.sun.management.jmxremote.port=49273 -Dcom.sun.management.jmxremote.authenticate=false -Dcom.sun.management.jmxremote.ssl=false -Djava.rmi.server.hostname=localhost -Dspring.jmx.enabled=true -Dmanagement.endpoints.jmx.exposure.include=* -Dspring.application.admin.enabled=true -XX:TieredStopAtLevel=1 -Dspring.boot.project.name=Case-Test -Dfile.encoding=UTF-8 -XX:+ShowCodeDetailsInExceptionMessages 
java_command: com.CaseTest.CaseTestApplication --spring.output.ansi.enabled=always
java_class_path (initial): C:\Users\mujee\Documents\workspace-spring-tool-suite-4-4.19.1.RELEASE\Case-Test\target\classes;C:\Users\mujee\.m2\repository\org\springframework\boot\spring-boot-starter-data-jpa\3.4.1\spring-boot-starter-data-jpa-3.4.1.jar;C:\Users\mujee\.m2\repository\org\springframework\boot\spring-boot-starter\3.4.1\spring-boot-starter-3.4.1.jar;C:\Users\mujee\.m2\repository\org\springframework\boot\spring-boot-starter-logging\3.4.1\spring-boot-starter-logging-3.4.1.jar;C:\Users\mujee\.m2\repository\ch\qos\logback\logback-classic\1.5.12\logback-classic-1.5.12.jar;C:\Users\mujee\.m2\repository\ch\qos\logback\logback-core\1.5.12\logback-core-1.5.12.jar;C:\Users\mujee\.m2\repository\org\apache\logging\log4j\log4j-to-slf4j\2.24.3\log4j-to-slf4j-2.24.3.jar;C:\Users\mujee\.m2\repository\org\apache\logging\log4j\log4j-api\2.24.3\log4j-api-2.24.3.jar;C:\Users\mujee\.m2\repository\org\slf4j\jul-to-slf4j\2.0.16\jul-to-slf4j-2.0.16.jar;C:\Users\mujee\.m2\repository\org\yaml\snakeyaml\2.3\snakeyaml-2.3.jar;C:\Users\mujee\.m2\repository\org\springframework\boot\spring-boot-starter-jdbc\3.4.1\spring-boot-starter-jdbc-3.4.1.jar;C:\Users\mujee\.m2\repository\com\zaxxer\HikariCP\5.1.0\HikariCP-5.1.0.jar;C:\Users\mujee\.m2\repository\org\springframework\spring-jdbc\6.2.1\spring-jdbc-6.2.1.jar;C:\Users\mujee\.m2\repository\org\hibernate\orm\hibernate-core\6.6.4.Final\hibernate-core-6.6.4.Final.jar;C:\Users\mujee\.m2\repository\jakarta\persistence\jakarta.persistence-api\3.1.0\jakarta.persistence-api-3.1.0.jar;C:\Users\mujee\.m2\repository\jakarta\transaction\jakarta.transaction-api\2.0.1\jakarta.transaction-api-2.0.1.jar;C:\Users\mujee\.m2\repository\org\jboss\logging\jboss-logging\3.6.1.Final\jboss-logging-3.6.1.Final.jar;C:\Users\mujee\.m2\repository\org\hibernate\common\hibernate-commons-annotations\7.0.3.Final\hibernate-commons-annotations-7.0.3.Final.jar;C:\Users\mujee\.m2\repository\io\smallrye\jandex\3.2.0\jandex-3.2.0.jar;C:\Users\mujee\.m2\repository\com\fasterxml\classmate\1.7.0\classmate-1.7.0.jar;C:\Users\mujee\.m2\repository\net\bytebuddy\byte-buddy\1.15.11\byte-buddy-1.15.11.jar;C:\Users\mujee\.m2\repository\org\glassfish\jaxb\jaxb-runtime\4.0.5\jaxb-runtime-4.0.5.jar;C:\Users\mujee\.m2\repository\org\glassfish\jaxb\jaxb-core\4.0.5\jaxb-core-4.0.5.jar;C:\Users\mujee\.m2\repository\org\glassfish\jaxb\txw2\4.0.5\txw2-4.0.5.jar;C:\Users\mujee\.m2\repository\com\sun\istack\istack-commons-runtime\4.1.2\istack-commons-runtime-4.1.2.jar;C:\Users\mujee\.m2\repository\jakarta\inject\jakarta.inject-api\2.0.1\jakarta.inject-api-2.0.1.jar;C:\Users\mujee\.m2\repository\org\antlr\antlr4-runtime\4.13.0\antlr4-runtime-4.13.0.jar;C:\Users\mujee\.m2\repository\org\springframework\data\spring-data-jpa\3.4.1\spring-data-jpa-3.4.1.jar;C:\Users\mujee\.m2\repository\org\springframework\data\spring-data-commons\3.4.1\spring-data-commons-3.4.1.jar;C:\Users\mujee\.m2\repository\org\springframework\spring-orm\6.2.1\spring-orm-6.2.1.jar;C:\Users\mujee\.m2\repository\org\springframework\spring-context\6.2.1\spring-context-6.2.1.jar;C:\Users\mujee\.m2\repository\org\springframework\spring-aop\6.2.1\spring-aop-6.2.1.jar;C:\Users\mujee\.m2\repository\org\springframework\spring-tx\6.2.1\spring-tx-6.2.1.jar;C:\Users\mujee\.m2\repository\org\springframework\spring-beans\6.2.1\spring-beans-6.2.1.jar;C:\Users\mujee\.m2\repository\org\slf4j\slf4j-api\2.0.16\slf4j-api-2.0.16.jar;C:\Users\mujee\.m2\repository\org\springframework\spring-aspects\6.2.1\spring-aspects-6.2.1.jar;C:\Users\mujee\.m2\repository\org\aspectj\aspectjweaver\1.9.22.1\aspectjweaver-1.9.22.1.jar;C:\Users\mujee\.m2\repository\org\springframework\boot\spring-boot-starter-web\3.4.1\spring-boot-starter-web-3.4.1.jar;C:\Users\mujee\.m2\repository\org\springframework\boot\spring-boot-starter-json\3.4.1\spring-boot-starter-json-3.4.1.jar;C:\Users\mujee\.m2\repository\com\fasterxml\jackson\core\jackson-databind\2.18.2\jackson-databind-2.18.2.jar;C:\Users\mujee\.m2\repository\com\fasterxml\jackson\core\jackson-annotations\2.18.2\jackson-annotations-2.18.2.jar;C:\Users\mujee\.m2\repository\com\fasterxml\jackson\core\jackson-core\2.18.2\jackson-core-2.18.2.jar;C:\Users\mujee\.m2\repository\com\fasterxml\jackson\datatype\jackson-datatype-jdk8\2.18.2\jackson-datatype-jdk8-2.18.2.jar;C:\Users\mujee\.m2\repository\com\fasterxml\jackson\datatype\jackson-datatype-jsr310\2.18.2\jackson-datatype-jsr310-2.18.2.jar;C:\Users\mujee\.m2\repository\com\fasterxml\jackson\module\jackson-module-parameter-names\2.18.2\jackson-module-parameter-names-2.18.2.jar;C:\Users\mujee\.m2\repository\org\springframework\spring-web\6.2.1\spring-web-6.2.1.jar;C:\Users\mujee\.m2\repository\io\micrometer\micrometer-observation\1.14.2\micrometer-observation-1.14.2.jar;C:\Users\mujee\.m2\repository\io\micrometer\micrometer-commons\1.14.2\micrometer-commons-1.14.2.jar;C:\Users\mujee\.m2\repository\org\springframework\spring-webmvc\6.2.1\spring-webmvc-6.2.1.jar;C:\Users\mujee\.m2\repository\org\springframework\spring-expression\6.2.1\spring-expression-6.2.1.jar;C:\Users\mujee\.m2\repository\org\springframework\boot\spring-boot-devtools\3.4.1\spring-boot-devtools-3.4.1.jar;C:\Users\mujee\.m2\repository\org\springframework\boot\spring-boot\3.4.1\spring-boot-3.4.1.jar;C:\Users\mujee\.m2\repository\org\springframework\boot\spring-boot-autoconfigure\3.4.1\spring-boot-autoconfigure-3.4.1.jar;C:\Users\mujee\.m2\repository\org\postgresql\postgresql\42.7.4\postgresql-42.7.4.jar;C:\Users\mujee\.m2\repository\org\checkerframework\checker-qual\3.42.0\checker-qual-3.42.0.jar;C:\Users\mujee\.m2\repository\org\projectlombok\lombok\1.18.36\lombok-1.18.36.jar;C:\Users\mujee\.m2\repository\org\springframework\boot\spring-boot-starter-tomcat\3.4.1\spring-boot-starter-tomcat-3.4.1.jar;C:\Users\mujee\.m2\repository\jakarta\annotation\jakarta.annotation-api\2.1.1\jakarta.annotation-api-2.1.1.jar;C:\Users\mujee\.m2\repository\org\apache\tomcat\embed\tomcat-embed-core\10.1.34\tomcat-embed-core-10.1.34.jar;C:\Users\mujee\.m2\repository\org\apache\tomcat\embed\tomcat-embed-el\10.1.34\tomcat-embed-el-10.1.34.jar;C:\Users\mujee\.m2\repository\org\apache\tomcat\embed\tomcat-embed-websocket\10.1.34\tomcat-embed-websocket-10.1.34.jar;C:\Users\mujee\.m2\repository\jakarta\xml\bind\jakarta.xml.bind-api\4.0.2\jakarta.xml.bind-api-4.0.2.jar;C:\Users\mujee\.m2\repository\jakarta\activation\jakarta.activation-api\2.1.3\jakarta.activation-api-2.1.3.jar;C:\Users\mujee\.m2\repository\org\springframework\spring-core\6.2.1\spring-core-6.2.1.jar;C:\Users\mujee\.m2\repository\org\springframework\spring-jcl\6.2.1\spring-jcl-6.2.1.jar;C:\Users\mujee\.m2\repository\org\springframework\boot\spring-boot-starter-mail\3.4.1\spring-boot-starter-mail-3.4.1.jar;C:\Users\mujee\.m2\repository\org\springframework\spring-context-support\6.2.1\spring-context-support-6.2.1.jar;C:\Users\mujee\.m2\repository\org\eclipse\angus\jakarta.mail\2.0.3\jakarta.mail-2.0.3.jar;C:\Users\mujee\.m2\repository\org\eclipse\angus\angus-activation\2.0.2\angus-activation-2.0.2.jar;C:\Users\mujee\.m2\repository\org\flowable\flowable-spring-boot-starter-process\6.7.1\flowable-spring-boot-starter-process-6.7.1.jar;C:\Users\mujee\.m2\repository\org\flowable\flowable-spring-boot-autoconfigure\6.7.1\flowable-spring-boot-autoconfigure-6.7.1.jar;C:\Users\mujee\.m2\repository\org\flowable\flowable-spring-security\6.7.1\flowable-spring-security-6.7.1.jar;C:\Users\mujee\.m2\repository\org\flowable\flowable-engine\6.7.1\flowable-engine-6.7.1.jar;C:\Users\mujee\.m2\repository\org\flowable\flowable-bpmn-converter\6.7.1\flowable-bpmn-converter-6.7.1.jar;C:\Users\mujee\.m2\repository\org\flowable\flowable-bpmn-model\6.7.1\flowable-bpmn-model-6.7.1.jar;C:\Users\mujee\.m2\repository\org\flowable\flowable-process-validation\6.7.1\flowable-process-validation-6.7.1.jar;C:\Users\mujee\.m2\repository\org\flowable\flowable-image-generator\6.7.1\flowable-image-generator-6.7.1.jar;C:\Users\mujee\.m2\repository\org\flowable\flowable-engine-common-api\6.7.1\flowable-engine-common-api-6.7.1.jar;C:\Users\mujee\.m2\repository\org\flowable\flowable-engine-common\6.7.1\flowable-engine-common-6.7.1.jar;C:\Users\mujee\.m2\repository\org\flowable\flowable-variable-service-api\6.7.1\flowable-variable-service-api-6.7.1.jar;C:\Users\mujee\.m2\repository\org\flowable\flowable-event-registry-api\6.7.1\flowable-event-registry-api-6.7.1.jar;C:\Users\mujee\.m2\repository\org\flowable\flowable-variable-service\6.7.1\flowable-variable-service-6.7.1.jar;C:\Users\mujee\.m2\repository\org\flowable\flowable-identitylink-service\6.7.1\flowable-identitylink-service-6.7.1.jar;C:\Users\mujee\.m2\repository\org\flowable\flowable-identitylink-service-api\6.7.1\flowable-identitylink-service-api-6.7.1.jar;C:\Users\mujee\.m2\repository\org\flowable\flowable-entitylink-service\6.7.1\flowable-entitylink-service-6.7.1.jar;C:\Users\mujee\.m2\repository\org\flowable\flowable-entitylink-service-api\6.7.1\flowable-entitylink-service-api-6.7.1.jar;C:\Users\mujee\.m2\repository\org\flowable\flowable-event-registry\6.7.1\flowable-event-registry-6.7.1.jar;C:\Users\mujee\.m2\repository\org\flowable\flowable-event-registry-model\6.7.1\flowable-event-registry-model-6.7.1.jar;C:\Users\mujee\.m2\repository\org\flowable\flowable-event-registry-json-converter\6.7.1\flowable-event-registry-json-converter-6.7.1.jar;C:\Users\mujee\.m2\repository\org\flowable\flowable-eventsubscription-service-api\6.7.1\flowable-eventsubscription-service-api-6.7.1.jar;C:\Users\mujee\.m2\repository\commons-io\commons-io\2.11.0\commons-io-2.11.0.jar;C:\Users\mujee\.m2\repository\com\fasterxml\uuid\java-uuid-generator\3.3.0\java-uuid-generator-3.3.0.jar;C:\Users\mujee\.m2\repository\org\liquibase\liquibase-core\4.29.2\liquibase-core-4.29.2.jar;C:\Users\mujee\.m2\repository\com\opencsv\opencsv\5.9\opencsv-5.9.jar;C:\Users\mujee\.m2\repository\org\apache\commons\commons-collections4\4.4\commons-collections4-4.4.jar;C:\Users\mujee\.m2\repository\org\apache\commons\commons-text\1.12.0\commons-text-1.12.0.jar;C:\Users\mujee\.m2\repository\org\flowable\flowable-event-registry-configurator\6.7.1\flowable-event-registry-configurator-6.7.1.jar;C:\Users\mujee\.m2\repository\org\flowable\flowable-eventsubscription-service\6.7.1\flowable-eventsubscription-service-6.7.1.jar;C:\Users\mujee\.m2\repository\org\flowable\flowable-task-service\6.7.1\flowable-task-service-6.7.1.jar;C:\Users\mujee\.m2\repository\org\flowable\flowable-task-service-api\6.7.1\flowable-task-service-api-6.7.1.jar;C:\Users\mujee\.m2\repository\org\flowable\flowable-job-service\6.7.1\flowable-job-service-6.7.1.jar;C:\Users\mujee\.m2\repository\org\flowable\flowable-job-service-api\6.7.1\flowable-job-service-api-6.7.1.jar;C:\Users\mujee\.m2\repository\org\flowable\flowable-batch-service\6.7.1\flowable-batch-service-6.7.1.jar;C:\Users\mujee\.m2\repository\org\flowable\flowable-batch-service-api\6.7.1\flowable-batch-service-api-6.7.1.jar;C:\Users\mujee\.m2\repository\org\flowable\flowable-idm-api\6.7.1\flowable-idm-api-6.7.1.jar;C:\Users\mujee\.m2\repository\org\flowable\flowable-idm-engine\6.7.1\flowable-idm-engine-6.7.1.jar;C:\Users\mujee\.m2\repository\commons-logging\commons-logging\1.2\commons-logging-1.2.jar;C:\Users\mujee\.m2\repository\commons-codec\commons-codec\1.17.1\commons-codec-1.17.1.jar;C:\Users\mujee\.m2\repository\org\flowable\flowable-idm-engine-configurator\6.7.1\flowable-idm-engine-configurator-6.7.1.jar;C:\Users\mujee\.m2\repository\org\flowable\flowable-cmmn-api\6.7.1\flowable-cmmn-api-6.7.1.jar;C:\Users\mujee\.m2\repository\org\flowable\flowable-cmmn-model\6.7.1\flowable-cmmn-model-6.7.1.jar;C:\Users\mujee\.m2\repository\org\flowable\flowable-dmn-api\6.7.1\flowable-dmn-api-6.7.1.jar;C:\Users\mujee\.m2\repository\org\flowable\flowable-dmn-model\6.7.1\flowable-dmn-model-6.7.1.jar;C:\Users\mujee\.m2\repository\org\flowable\flowable-form-model\6.7.1\flowable-form-model-6.7.1.jar;C:\Users\mujee\.m2\repository\org\flowable\flowable-form-api\6.7.1\flowable-form-api-6.7.1.jar;C:\Users\mujee\.m2\repository\org\flowable\flowable-content-api\6.7.1\flowable-content-api-6.7.1.jar;C:\Users\mujee\.m2\repository\org\flowable\flowable-http-common\6.7.1\flowable-http-common-6.7.1.jar;C:\Users\mujee\.m2\repository\org\apache\commons\commons-email\1.5\commons-email-1.5.jar;C:\Users\mujee\.m2\repository\com\sun\mail\javax.mail\1.5.6\javax.mail-1.5.6.jar;C:\Users\mujee\.m2\repository\javax\activation\activation\1.1\activation-1.1.jar;C:\Users\mujee\.m2\repository\org\apache\commons\commons-lang3\3.17.0\commons-lang3-3.17.0.jar;C:\Users\mujee\.m2\repository\org\mybatis\mybatis\3.5.7\mybatis-3.5.7.jar;C:\Users\mujee\.m2\repository\joda-time\joda-time\2.10.10\joda-time-2.10.10.jar;C:\Users\mujee\.m2\repository\org\slf4j\jcl-over-slf4j\2.0.16\jcl-over-slf4j-2.0.16.jar;C:\Users\mujee\.m2\repository\org\flowable\flowable-spring\6.7.1\flowable-spring-6.7.1.jar;C:\Users\mujee\.m2\repository\org\flowable\flowable-spring-common\6.7.1\flowable-spring-common-6.7.1.jar;C:\Users\mujee\.m2\repository\org\flowable\flowable-job-spring-service\6.7.1\flowable-job-spring-service-6.7.1.jar;C:\Users\mujee\.m2\repository\org\flowable\flowable-event-registry-spring-configurator\6.7.1\flowable-event-registry-spring-configurator-6.7.1.jar;C:\Users\mujee\.m2\repository\org\flowable\flowable-event-registry-spring\6.7.1\flowable-event-registry-spring-6.7.1.jar
Launcher Type: SUN_STANDARD

[Global flags]
     intx CICompilerCount                          = 12                                        {product} {ergonomic}
     uint ConcGCThreads                            = 3                                         {product} {ergonomic}
     uint G1ConcRefinementThreads                  = 13                                        {product} {ergonomic}
   size_t G1HeapRegionSize                         = 1048576                                   {product} {ergonomic}
   size_t InitialHeapSize                          = 125829120                                 {product} {ergonomic}
     bool ManagementServer                         = true                                      {product} {command line}
   size_t MarkStackSize                            = 4194304                                   {product} {ergonomic}
   size_t MarkStackSizeMax                         = 536870912                                 {product} {ergonomic}
   size_t MaxHeapSize                              = 1992294400                                {product} {ergonomic}
   size_t MinHeapDeltaBytes                        = 1048576                                   {product} {ergonomic}
   size_t MinHeapSize                              = 8388608                                   {product} {ergonomic}
    uintx NonNMethodCodeHeapSize                   = 4096                                   {pd product} {ergonomic}
    uintx NonProfiledCodeHeapSize                  = 0                                      {pd product} {ergonomic}
     bool ProfileInterpreter                       = false                                  {pd product} {command line}
    uintx ProfiledCodeHeapSize                     = 0                                      {pd product} {ergonomic}
     bool ShowCodeDetailsInExceptionMessages       = true                                   {manageable} {command line}
   size_t SoftMaxHeapSize                          = 1992294400                             {manageable} {ergonomic}
     intx TieredStopAtLevel                        = 1                                         {product} {command line}
     bool UseCompressedOops                        = true                           {product lp64_product} {ergonomic}
     bool UseG1GC                                  = true                                      {product} {ergonomic}
     bool UseLargePagesIndividualAllocation        = false                                  {pd product} {ergonomic}

Logging:
Log output configuration:
 #0: stdout all=warning uptime,level,tags foldmultilines=false
 #1: stderr all=off uptime,level,tags foldmultilines=false

Environment Variables:
JAVA_HOME=C:\Program Files\Java\jdk-23
CLASSPATH=.;C:\IBM\Workflow\v18.0\db2\java\db2java.zip;C:\IBM\Workflow\v18.0\db2\java\db2jcc.jar;C:\IBM\Workflow\v18.0\db2\java\sqlj.zip;C:\IBM\Workflow\v18.0\db2\java\db2jcc_license_cu.jar;C:\IBM\Workflow\v18.0\db2\bin;C:\IBM\Workflow\v18.0\db2\java\common.jar
PATH=D:/sts-4.19.1.RELEASE//plugins/org.eclipse.justj.openjdk.hotspot.jre.full.win32.x86_64_17.0.7.v20230425-1502/jre/bin/server;D:/sts-4.19.1.RELEASE//plugins/org.eclipse.justj.openjdk.hotspot.jre.full.win32.x86_64_17.0.7.v20230425-1502/jre/bin;C:\Program Files (x86)\VMware\VMware Workstation\bin\;C:\Program Files\Common Files\Oracle\Java\javapath;C:\Users\mujee\Downloads\WINDOWS.X64_193000_db_home\bin;C:\Users\mujee\OneDrive\Desktop\oracle\bin;C:\Windows\system32;C:\Windows;C:\Windows\System32\Wbem;C:\Windows\System32\WindowsPowerShell\v1.0\;C:\Windows\System32\OpenSSH\;C:\Program Files (x86)\NVIDIA Corporation\PhysX\Common;C:\WINDOWS\system32;C:\WINDOWS;C:\WINDOWS\System32\Wbem;C:\WINDOWS\System32\WindowsPowerShell\v1.0\;C:\WINDOWS\System32\OpenSSH\;C:\Program Files\nodejs;C:\Program Files\Git\cmd;D:\apache-maven-3.9.8\bin;C:\Program Files\dotnet\;C:\Program Files (x86)\Windows Kits\10\Windows Performance Toolkit\;C:\Program Files\Docker\Docker\resources\bin;C:\Program Files\Java\jdk-23\bin;C:\Users\mujee\EAP-8.0.0\bin;C:\Program Files\nodejs\;C:\Program Files\PowerShell\7\;C:\Program Files\ibm\gsk8\lib64;C:\Program Files (x86)\ibm\gsk8\lib;C:\Program Files\Go\bin;D:\Gogs\gogs_0.13.0_windows_amd64_mws\gogs;C:\Users\mujee\AppData\Local\Microsoft\WindowsApps;C:\Users\mujee\AppData\Local\Programs\Microsoft VS Code\bin;C:\Users\mujee\AppData\Roaming\npm;C:\Users\mujee\go\bin;D:\sts-4.19.1.RELEASE;
USERNAME=mujee
OS=Windows_NT
PROCESSOR_IDENTIFIER=AMD64 Family 23 Model 96 Stepping 1, AuthenticAMD
TMP=C:\Users\mujee\AppData\Local\Temp
TEMP=C:\Users\mujee\AppData\Local\Temp




Periodic native trim disabled

---------------  S Y S T E M  ---------------

OS:
 Windows 11 , 64 bit Build 26100 (10.0.26100.2454)
OS uptime: 3 days 3:53 hours
Hyper-V role detected

CPU: total 16 (initial active 16) (16 cores per cpu, 2 threads per core) family 23 model 96 stepping 1 microcode 0x8600106, cx8, cmov, fxsr, ht, mmx, 3dnowpref, sse, sse2, sse3, ssse3, sse4a, sse4.1, sse4.2, popcnt, lzcnt, tsc, tscinvbit, avx, avx2, aes, clmul, bmi1, bmi2, adx, sha, fma, vzeroupper, clflush, clflushopt, hv, rdtscp, rdpid, f16c
Processor Information for the first 16 processors :
  Max Mhz: 2901, Current Mhz: 2901, Mhz Limit: 2901

Memory: 4k page, system-wide physical 7597M (176M free)
TotalPageFile size 31149M (AvailPageFile size 45M)
current process WorkingSet (physical memory assigned to process): 13M, peak: 13M
current process commit charge ("private bytes"): 66M, peak: 186M

vm_info: Java HotSpot(TM) 64-Bit Server VM (23.0.1+11-39) for windows-amd64 JRE (23.0.1+11-39), built on 2024-09-30T07:20:43Z with MS VC++ 17.6 (VS2022)

END.
